Build started 2018/12/27 10:37:52.
     1>Project "F:\调研 - EasyDL\EasyDLTest\easydl_io\easydl_io.vcxproj" on node 2 (Build target(s)).
     1>InitializeBuildStatus:
         Creating "x64\Debug\easydl_io.tlog\unsuccessfulbuild" because "AlwaysCreate" was specified.
       ClCompile:
         C:\Program Files (x86)\Microsoft Visual Studio 12.0\VC\bin\x86_amd64\CL.exe /c /I"F:\调研 - EasyDL\EasyDLTest\3rdparty\libcurl\include\\" /I"F:\调研 - EasyDL\EasyDLTest\3rdparty\jsoncpp\include\\" /Zi /nologo /W3 /WX- /sdl /Od /D _CRT_SECURE_NO_WARNINGS /D _MBCS /Gm /EHsc /RTC1 /MTd /GS /fp:precise /Zc:wchar_t /Zc:forScope /Fo"x64\Debug\\" /Fd"x64\Debug\vc120.pdb" /Gd /TP /errorReport:prompt main.cpp
         main.cpp
       Link:
         C:\Program Files (x86)\Microsoft Visual Studio 12.0\VC\bin\x86_amd64\link.exe /ERRORREPORT:PROMPT /OUT:"F:\调研 - EasyDL\EasyDLTest\x64\Debug\easydl_io.exe" /INCREMENTAL /NOLOGO /LIBPATH:"F:\调研 - EasyDL\EasyDLTest\3rdparty\libcurl\lib\\" /LIBPATH:"F:\调研 - EasyDL\EasyDLTest\3rdparty\jsoncpp\lib\Debug\\" libcurld.lib lib_json.lib kernel32.lib user32.lib gdi32.lib winspool.lib comdlg32.lib advapi32.lib shell32.lib ole32.lib oleaut32.lib uuid.lib odbc32.lib odbccp32.lib /MANIFEST /MANIFESTUAC:"level='asInvoker' uiAccess='false'" /manifest:embed /DEBUG /PDB:"F:\调研 - EasyDL\EasyDLTest\x64\Debug\easydl_io.pdb" /TLBID:1 /DYNAMICBASE /NXCOMPAT /IMPLIB:"F:\调研 - EasyDL\EasyDLTest\x64\Debug\easydl_io.lib" /MACHINE:X64 x64\Debug\curl_manager.obj
         x64\Debug\curl_manager_test.obj
         x64\Debug\dataset_manager.obj
         x64\Debug\dataset_message.obj
         x64\Debug\main.obj
         x64\Debug\mutex_lock.obj
         easydl_io.vcxproj -> F:\调研 - EasyDL\EasyDLTest\x64\Debug\easydl_io.exe
       FinalizeBuildStatus:
         Deleting file "x64\Debug\easydl_io.tlog\unsuccessfulbuild".
         Touching "x64\Debug\easydl_io.tlog\easydl_io.lastbuildstate".
     1>Done Building Project "F:\调研 - EasyDL\EasyDLTest\easydl_io\easydl_io.vcxproj" (Build target(s)).

Build succeeded.

Time Elapsed 00:00:00.88
